Using pre-set license

 COMMAND LINE ARGUMENTS:
/Users/riho/Documents/Unity/00_インストール/2020.3.15f2/Unity.app/Contents/MacOS/Unity
-adb2
-batchMode
-noUpm
-name
AssetImportWorker0
-projectPath
/Users/riho/Documents/Unity/02_summer/B4-SummerDev2/B4-SummerDev2-m
-logFile
Logs/AssetImportWorker0.log
-srvPort
63324
Successfully changed project path to: /Users/riho/Documents/Unity/02_summer/B4-SummerDev2/B4-SummerDev2-m
/Users/riho/Documents/Unity/02_summer/B4-SummerDev2/B4-SummerDev2-m
Using Asset Import Pipeline V2.
Refreshing native plugins compatible for Editor in 42.03 ms, found 2 plugins.
Preloading 0 native plugins for Editor in 0.00 ms.
Initialize engine version: 2020.3.15f2 (6cf78cb77498)
[Subsystems] Discovering subsystems at path /Users/riho/Documents/Unity/00_インストール/2020.3.15f2/Unity.app/Contents/Resources/UnitySubsystems
[Subsystems] Discovering subsystems at path /Users/riho/Documents/Unity/02_summer/B4-SummerDev2/B4-SummerDev2-m/Assets
GfxDevice: creating device client; threaded=0
2021-08-26 09:54:06.645 Unity[16895:21828632] Color LCD preferred device: Intel(R) Iris(TM) Plus Graphics 640 (low power)
2021-08-26 09:54:06.645 Unity[16895:21828632] Metal devices available: 1
2021-08-26 09:54:06.645 Unity[16895:21828632] 0: Intel(R) Iris(TM) Plus Graphics 640 (low power)
2021-08-26 09:54:06.646 Unity[16895:21828632] Using device Intel(R) Iris(TM) Plus Graphics 640 (low power)
Initializing Metal device caps: Intel(R) Iris(TM) Plus Graphics 640
Initialize mono
Mono path[0] = '/Users/riho/Documents/Unity/00_インストール/2020.3.15f2/Unity.app/Contents/Managed'
Mono path[1] = '/Users/riho/Documents/Unity/00_インストール/2020.3.15f2/Unity.app/Contents/MonoBleedingEdge/lib/mono/unityjit'
Mono config path = '/Users/riho/Documents/Unity/00_インストール/2020.3.15f2/Unity.app/Contents/MonoBleedingEdge/etc'
Using monoOptions --debugger-agent=transport=dt_socket,embedding=1,server=y,suspend=n,address=127.0.0.1:56895
Begin MonoManager ReloadAssembly
Registering precompiled unity dll's ...
Register platform support module: /Users/riho/Documents/Unity/00_インストール/2020.3.15f2/Unity.app/Contents/PlaybackEngines/MacStandaloneSupport/UnityEditor.OSXStandalone.Extensions.dll
Registered in 0.005269 seconds.
Native extension for OSXStandalone target not found
Refreshing native plugins compatible for Editor in 32.35 ms, found 2 plugins.
Preloading 0 native plugins for Editor in 0.00 ms.
Mono: successfully reloaded assembly
- Completed reload, in  2.268 seconds
Domain Reload Profiling:
	ReloadAssembly (2268ms)
		BeginReloadAssembly (60ms)
			ExecutionOrderSort (0ms)
			DisableScriptedObjects (0ms)
			BackupInstance (0ms)
			ReleaseScriptingObjects (0ms)
			CreateAndSetChildDomain (1ms)
		EndReloadAssembly (554ms)
			LoadAssemblies (61ms)
			RebuildTransferFunctionScriptingTraits (0ms)
			SetupTypeCache (226ms)
			ReleaseScriptCaches (0ms)
			RebuildScriptCaches (49ms)
			SetupLoadedEditorAssemblies (207ms)
				LogAssemblyErrors (0ms)
				InitializePlatformSupportModulesInManaged (5ms)
				SetLoadedEditorAssemblies (0ms)
				RefreshPlugins (32ms)
				BeforeProcessingInitializeOnLoad (7ms)
				ProcessInitializeOnLoadAttributes (124ms)
				ProcessInitializeOnLoadMethodAttributes (38ms)
				AfterProcessingInitializeOnLoad (0ms)
				EditorAssembliesLoaded (0ms)
			ExecutionOrderSort2 (0ms)
			AwakeInstancesAfterBackupRestoration (0ms)
Platform modules already initialized, skipping
Registering precompiled user dll's ...
Registered in 0.010958 seconds.
Begin MonoManager ReloadAssembly
Native extension for OSXStandalone target not found
Refreshing native plugins compatible for Editor in 0.36 ms, found 2 plugins.
Preloading 0 native plugins for Editor in 0.00 ms.
Mono: successfully reloaded assembly
- Completed reload, in  1.389 seconds
Domain Reload Profiling:
	ReloadAssembly (1393ms)
		BeginReloadAssembly (191ms)
			ExecutionOrderSort (0ms)
			DisableScriptedObjects (6ms)
			BackupInstance (0ms)
			ReleaseScriptingObjects (0ms)
			CreateAndSetChildDomain (38ms)
		EndReloadAssembly (1124ms)
			LoadAssemblies (122ms)
			RebuildTransferFunctionScriptingTraits (0ms)
			SetupTypeCache (370ms)
			ReleaseScriptCaches (0ms)
			RebuildScriptCaches (61ms)
			SetupLoadedEditorAssemblies (442ms)
				LogAssemblyErrors (0ms)
				InitializePlatformSupportModulesInManaged (5ms)
				SetLoadedEditorAssemblies (1ms)
				RefreshPlugins (0ms)
				BeforeProcessingInitializeOnLoad (54ms)
				ProcessInitializeOnLoadAttributes (374ms)
				ProcessInitializeOnLoadMethodAttributes (5ms)
				AfterProcessingInitializeOnLoad (2ms)
				EditorAssembliesLoaded (0ms)
			ExecutionOrderSort2 (0ms)
			AwakeInstancesAfterBackupRestoration (8ms)
Platform modules already initialized, skipping
========================================================================
Worker process is ready to serve import requests
Launching external process: /Users/riho/Documents/Unity/00_インストール/2020.3.15f2/Unity.app/Contents/Tools/UnityShaderCompiler
Launched and connected shader compiler UnityShaderCompiler after 0.02 seconds
Refreshing native plugins compatible for Editor in 0.32 ms, found 2 plugins.
Preloading 0 native plugins for Editor in 0.00 ms.
Unloading 1369 Unused Serialized files (Serialized files now loaded: 0)
System memory in use before: 136.1 MB.
System memory in use after: 136.2 MB.

Unloading 18 unused Assets to reduce memory usage. Loaded Objects now: 1803.
Total: 2.251544 ms (FindLiveObjects: 0.175510 ms CreateObjectMapping: 0.051819 ms MarkObjects: 1.935333 ms  DeleteObjects: 0.088021 ms)

AssetImportParameters requested are different than current active one (requested -> active):
  custom:video-decoder-ogg-theora: a1e56fd34408186e4bbccfd4996cb3dc -> 
  custom:container-muxer-webm: aa71ff27fc2769a1b78a27578f13a17b -> 
  custom:container-demuxer-webm: 4f35f7cbe854078d1ac9338744f61a02 -> 
  custom:container-demuxer-ogg: 62fdf1f143b41e24485cea50d1cbac27 -> 
  custom:video-encoder-webm-vp8: eb34c28f22e8b96e1ab97ce403110664 -> 
  custom:framework-osx-AVFoundation: e770b220cccbd017edd2c1fefb359320 -> 
  custom:video-decoder-webm-vp8: 9c59270c3fd7afecdb556c50c9e8de78 -> 
  custom:audio-decoder-ogg-vorbis: bf7c407c2cedff20999df2af8eb42d56 -> 
  custom:audio-encoder-webm-vorbis: bf7c407c2cedff20999df2af8eb42d56 -> 
========================================================================
Received Import Request.
  path: Assets/NumberChanger.cs
  artifactKey: Guid(d6f79531100804d3496ff292a4d84ca8) Importer(815301076,1909f56bfc062723c751e8b465ee728b)
Start importing Assets/NumberChanger.cs using Guid(d6f79531100804d3496ff292a4d84ca8) Importer(815301076,1909f56bfc062723c751e8b465ee728b)  -> (artifact id: 'a9448d8be4f7c04560bec807907cdf16') in 0.385479 seconds 
  Import took 0.399465 seconds .

AssetImportWorkerClient::OnTransportError - code=2 error=End of file
